 NNODEJ=        27
 NCELLJ=        25
 DX(1)=     .01000000
 XLENGTH=      40.000
 ZINITIAL=      .000
 ZOB=      .000
 ZOF=  .0000000
 HF=  .2500000
 teta= 45.000000
 tgteta=-.999999999915
 Ujudge***************
 Qjudge  .010000000000
 Qw=  3.150000


   J       X(m)        Z(m)             U(m/s)           W(m/s)          Air_Concentration(%)           

   1        .0000000   .00000000         .000000         .000000            .000000
   2        .0000000   .00500000        8.226224        -.019802            .000000
   3        .0000000   .01500000        9.624113        -.014296            .000000
   4        .0000000   .02500000       10.352694        -.023669            .000000
   5        .0000000   .03500000       10.862476        -.033463            .000000
   6        .0000000   .04500000       11.259546        -.042934            .000000
   7        .0000000   .05500000       11.586998        -.051915            .000000
   8        .0000000   .06500000       11.866846        -.060182            .000000
   9        .0000000   .07500000       12.111936        -.063948            .000000
  10        .0000000   .08500000       12.330451        -.064748            .000000
  11        .0000000   .09500000       12.527939        -.066685            .000000
  12        .0000000   .10500000       12.708345        -.069580            .000000
  13        .0000000   .11500000       12.874580        -.073181            .000000
  14        .0000000   .12500000       13.028855        -.077275            .000000
  15        .0000000   .13500000       13.172890        -.081719            .000000
  16        .0000000   .14500000       13.308053        -.086415            .000000
  17        .0000000   .15500000       13.435449        -.091294            .000000
  18        .0000000   .16500000       13.555985        -.096310            .000000
  19        .0000000   .17500000       13.670414        -.101426            .000000
  20        .0000000   .18500000       13.779370        -.106618            .000000
  21        .0000000   .19500000       13.883388        -.111865            .000000
  22        .0000000   .20500000       13.982931        -.117152            .000000
  23        .0000000   .21500000       14.078396        -.122469            .000000
  24        .0000000   .22500000       14.170127        -.127777            .000000
  25        .0000000   .23500000       14.258428        -.133033            .000000
  26        .0000000   .24500000       14.343565        -.134039            .000000
  27        .0000000   .25000000       14.385022         .000000            .000000
 
   J       X(m)        Z(m)             U(m/s)           W(m/s)          Air_Concentration(%)           

   1       1.0000000   .00000000         .000000         .000000            .000000
   2       1.0000000   .00484102        8.818255        -.003481            .000000
   3       1.0000000   .01452306       10.054800        -.007644            .000000
   4       1.0000000   .02420510       10.881568        -.012064            .000000
   5       1.0000000   .03388715       11.402194        -.016538            .000000
   6       1.0000000   .04356919       11.786618        -.021012            .000000
   7       1.0000000   .05325123       12.085896        -.025451            .000000
   8       1.0000000   .06293327       12.329132        -.029838            .000000
   9       1.0000000   .07261531       12.529488        -.034178            .000000
  10       1.0000000   .08229736       12.711136        -.038496            .000000
  11       1.0000000   .09197940       12.889081        -.042796            .000000
  12       1.0000000   .10166144       13.060519        -.047074            .000000
  13       1.0000000   .11134348       13.225656        -.051330            .000000
  14       1.0000000   .12102552       13.384165        -.055568            .000000
  15       1.0000000   .13070757       13.535805        -.059793            .000000
  16       1.0000000   .14038961       13.680329        -.064010            .000000
  17       1.0000000   .15007165       13.817505        -.068225            .000000
  18       1.0000000   .15975369       13.947110        -.072438            .000000
  19       1.0000000   .16943573       14.068910        -.076648            .000000
  20       1.0000000   .17911777       14.182633        -.080846            .000000
  21       1.0000000   .18879982       14.287917        -.085018            .000000
  22       1.0000000   .19848186       14.384235        -.089145            .000000
  23       1.0000000   .20816390       14.470749        -.093203            .000000
  24       1.0000000   .21784594       14.546313        -.097161            .000000
  25       1.0000000   .22752798       14.608013        -.100999            .000000
  26       1.0000000   .23721003       14.656568        -.104584            .000000
  27       1.0000000   .24205105       14.656568         .000000            .000000
 
   J       X(m)        Z(m)             U(m/s)           W(m/s)          Air_Concentration(%)           

   1       2.0000000   .00000000         .000000         .000000            .000000
   2       2.0000000   .00470879        9.103989        -.002481            .000000
   3       2.0000000   .01412636       10.386475        -.005592            .000000
   4       2.0000000   .02354394       11.238767        -.008994            .000000
   5       2.0000000   .03296151       11.772396        -.012528            .000000
   6       2.0000000   .04237908       12.164012        -.016151            .000000
   7       2.0000000   .05179666       12.467029        -.019830            .000000
   8       2.0000000   .06121423       12.711880        -.023541            .000000
   9       2.0000000   .07063181       12.912518        -.027282            .000000
  10       2.0000000   .08004938       13.093541        -.031067            .000000
  11       2.0000000   .08946695       13.270187        -.034898            .000000
  12       2.0000000   .09888453       13.439861        -.038764            .000000
  13       2.0000000   .10830210       13.602976        -.042655            .000000
  14       2.0000000   .11771968       13.759392        -.046563            .000000
  15       2.0000000   .12713725       13.909016        -.050482            .000000
  16       2.0000000   .13655482       14.051703        -.054404            .000000
  17       2.0000000   .14597240       14.187262        -.058323            .000000
  18       2.0000000   .15538997       14.315450        -.062232            .000000
  19       2.0000000   .16480755       14.435958        -.066127            .000000
  20       2.0000000   .17422512       14.548397        -.069999            .000000
  21       2.0000000   .18364269       14.652272        -.073843            .000000
  22       2.0000000   .19306027       14.746937        -.077650            .000000
  23       2.0000000   .20247784       14.831494        -.081409            .000000
  24       2.0000000   .21189542       14.904819        -.085107            .000000
  25       2.0000000   .22131299       14.964226        -.088733            .000000
  26       2.0000000   .23073056       15.010487        -.092182            .000000
  27       2.0000000   .23543935       15.010487         .000000            .000000
 
   J       X(m)        Z(m)             U(m/s)           W(m/s)          Air_Concentration(%)           

   1       3.0100000   .00000000         .000000         .000000            .000000
   2       3.0100000   .00459251        9.331324        -.002044            .000000
   3       3.0100000   .01377752       10.656770        -.004650            .000000
   4       3.0100000   .02296254       11.535603        -.007525            .000000
   5       3.0100000   .03214755       12.085597        -.010533            .000000
   6       3.0100000   .04133257       12.488651        -.013638            .000000
   7       3.0100000   .05051758       12.799960        -.016812            .000000
   8       3.0100000   .05970260       13.050971        -.020035            .000000
   9       3.0100000   .06888762       13.256170        -.023304            .000000
  10       3.0100000   .07807263       13.440807        -.026633            .000000
  11       3.0100000   .08725765       13.620483        -.030026            .000000
  12       3.0100000   .09644266       13.792571        -.033471            .000000
  13       3.0100000   .10562768       13.957532        -.036962            .000000
  14       3.0100000   .11481269       14.115268        -.040491            .000000
  15       3.0100000   .12399771       14.265743        -.044051            .000000
  16       3.0100000   .13318272       14.408868        -.047633            .000000
  17       3.0100000   .14236774       14.544513        -.051231            .000000
  18       3.0100000   .15155275       14.672496        -.054836            .000000
  19       3.0100000   .16073777       14.792565        -.058442            .000000
  20       3.0100000   .16992278       14.904388        -.062041            .000000
  21       3.0100000   .17910780       15.007519        -.065625            .000000
  22       3.0100000   .18829282       15.101362        -.069186            .000000
  23       3.0100000   .19747783       15.185068        -.072713            .000000
  24       3.0100000   .20666285       15.257563        -.076193            .000000
  25       3.0100000   .21584786       15.316228        -.079616            .000000
  26       3.0100000   .22503288       15.361868        -.082890            .000000
  27       3.0100000   .22962538       15.361868         .000000            .000000
 
   J       X(m)        Z(m)             U(m/s)           W(m/s)          Air_Concentration(%)           

   1       4.0100000   .00000000         .000000         .000000            .000000
   2       4.0100000   .00449068        9.525558        -.001772            .000000
   3       4.0100000   .01347204       10.889750        -.004050            .000000
   4       4.0100000   .02245340       11.793106        -.006572            .000000
   5       4.0100000   .03143476       12.358914        -.009217            .000000
   6       4.0100000   .04041612       12.773559        -.011955            .000000
   7       4.0100000   .04939748       13.093747        -.014763            .000000
   8       4.0100000   .05837884       13.351784        -.017623            .000000
   9       4.0100000   .06736020       13.562568        -.020531            .000000
  10       4.0100000   .07634155       13.752039        -.023503            .000000
  11       4.0100000   .08532291       13.936202        -.026542            .000000
  12       4.0100000   .09430427       14.112344        -.029641            .000000
  13       4.0100000   .10328563       14.280929        -.032793            .000000
  14       4.0100000   .11226699       14.441857        -.035992            .000000
  15       4.0100000   .12124835       14.595097        -.039232            .000000
  16       4.0100000   .13022971       14.740573        -.042506            .000000
  17       4.0100000   .13921107       14.878173        -.045807            .000000
  18       4.0100000   .14819243       15.007739        -.049129            .000000
  19       4.0100000   .15717379       15.129050        -.052464            .000000
  20       4.0100000   .16615515       15.241807        -.055805            .000000
  21       4.0100000   .17513651       15.345603        -.059144            .000000
  22       4.0100000   .18411787       15.439882        -.062472            .000000
  23       4.0100000   .19309923       15.523838        -.065780            .000000
  24       4.0100000   .20208059       15.596443        -.069054            .000000
  25       4.0100000   .21106195       15.655124        -.072282            .000000
  26       4.0100000   .22004331       15.700733        -.075384            .000000
  27       4.0100000   .22453399       15.700733         .000000            .000000
 
   J       X(m)        Z(m)             U(m/s)           W(m/s)          Air_Concentration(%)           

   1       5.0100000   .00000000         .000000         .000000            .000000
   2       5.0100000   .00439971        9.699102        -.001572            .000000
   3       5.0100000   .01319912       11.098879        -.003605            .000000
   4       5.0100000   .02199854       12.024946        -.005859            .000000
   5       5.0100000   .03079795       12.605675        -.008228            .000000
   6       5.0100000   .03959737       13.031478        -.010684            .000000
   7       5.0100000   .04839678       13.360415        -.013206            .000000
   8       5.0100000   .05719619       13.625557        -.015778            .000000
   9       5.0100000   .06599561       13.842156        -.018399            .000000
  10       5.0100000   .07479502       14.036833        -.021082            .000000
  11       5.0100000   .08359444       14.226013        -.023832            .000000
  12       5.0100000   .09239385       14.406883        -.026643            .000000
  13       5.0100000   .10119327       14.579904        -.029509            .000000
  14       5.0100000   .10999268       14.744958        -.032426            .000000
  15       5.0100000   .11879210       14.902001        -.035388            .000000
  16       5.0100000   .12759151       15.050949        -.038390            .000000
  17       5.0100000   .13639093       15.191687        -.041426            .000000
  18       5.0100000   .14519034       15.324055        -.044490            .000000
  19       5.0100000   .15398975       15.447840        -.047575            .000000
  20       5.0100000   .16278917       15.562749        -.050675            .000000
  21       5.0100000   .17158858       15.668388        -.053782            .000000
  22       5.0100000   .18038800       15.764217        -.056888            .000000
  23       5.0100000   .18918741       15.849446        -.059984            .000000
  24       5.0100000   .19798683       15.923063        -.063055            .000000
  25       5.0100000   .20678624       15.982500        -.066093            .000000
  26       5.0100000   .21558566       16.028667        -.069019            .000000
  27       5.0100000   .21998536       16.028667         .000000            .000000
 
   J       X(m)        Z(m)             U(m/s)           W(m/s)          Air_Concentration(%)           

   1       6.0100000   .00000000         .000000         .000000            .000000
   2       6.0100000   .00431787        9.856971        -.001416            .000000
   3       6.0100000   .01295362       11.289689        -.003253            .000000
   4       6.0100000   .02158936       12.236847        -.005294            .000000
   5       6.0100000   .03022510       12.831573        -.007439            .000000
   6       6.0100000   .03886085       13.267956        -.009666            .000000
   7       6.0100000   .04749659       13.605291        -.011955            .000000
   8       6.0100000   .05613233       13.877352        -.014292            .000000
   9       6.0100000   .06476808       14.099701        -.016676            .000000
  10       6.0100000   .07340382       14.299622        -.019119            .000000
  11       6.0100000   .08203956       14.493952        -.021627            .000000
  12       6.0100000   .09067531       14.679785        -.024194            .000000
  13       6.0100000   .09931105       14.857572        -.026817            .000000
  14       6.0100000   .10794679       15.027175        -.029491            .000000
  15       6.0100000   .11658254       15.188534        -.032212            .000000
  16       6.0100000   .12521828       15.341548        -.034975            .000000
  17       6.0100000   .13385402       15.486089        -.037775            .000000
  18       6.0100000   .14248977       15.621985        -.040606            .000000
  19       6.0100000   .15112551       15.749011        -.043464            .000000
  20       6.0100000   .15976125       15.866868        -.046342            .000000
  21       6.0100000   .16839700       15.975154        -.049233            .000000
  22       6.0100000   .17703274       16.073324        -.052129            .000000
  23       6.0100000   .18566848       16.160579        -.055022            .000000
  24       6.0100000   .19430423       16.235902        -.057897            .000000
  25       6.0100000   .20293997       16.296679        -.060745            .000000
  26       6.0100000   .21157571       16.343878        -.063496            .000000
  27       6.0100000   .21589358       16.343878         .000000            .000000
 
   J       X(m)        Z(m)             U(m/s)           W(m/s)          Air_Concentration(%)           

   1       7.0100000   .00000000         .000000         .000000            .000000
   2       7.0100000   .00424386       10.002238        -.001288            .000000
   3       7.0100000   .01273157       11.465632        -.002965            .000000
   4       7.0100000   .02121928       12.432452        -.004827            .000000
   5       7.0100000   .02970699       13.040303        -.006787            .000000
   6       7.0100000   .03819470       13.486670        -.008823            .000000
   7       7.0100000   .04668241       13.831992        -.010916            .000000
   8       7.0100000   .05517012       14.110686        -.013056            .000000
   9       7.0100000   .06365783       14.338601        -.015239            .000000
  10       7.0100000   .07214555       14.543651        -.017479            .000000
  11       7.0100000   .08063326       14.743076        -.019781            .000000
  12       7.0100000   .08912097       14.933878        -.022139            .000000
  13       7.0100000   .09760868       15.116505        -.024551            .000000
  14       7.0100000   .10609639       15.290796        -.027014            .000000
  15       7.0100000   .11458410       15.456672        -.029523            .000000
  16       7.0100000   .12307181       15.614016        -.032074            .000000
  17       7.0100000   .13155952       15.762680        -.034664            .000000
  18       7.0100000   .14004724       15.902475        -.037287            .000000
  19       7.0100000   .14853495       16.033159        -.039938            .000000
  20       7.0100000   .15702266       16.154414        -.042611            .000000
  21       7.0100000   .16551037       16.265821        -.045301            .000000
  22       7.0100000   .17399808       16.366814        -.048000            .000000
  23       7.0100000   .18248579       16.456569        -.050700            .000000
  24       7.0100000   .19097350       16.534041        -.053387            .000000
  25       7.0100000   .19946122       16.596544        -.056052            .000000
  26       7.0100000   .20794893       16.645095        -.058628            .000000
  27       7.0100000   .21219278       16.645095         .000000            .000000
 
   J       X(m)        Z(m)             U(m/s)           W(m/s)          Air_Concentration(%)           

   1       8.0100000   .00000000         .000000         .000000            .000000
   2       8.0100000   .00417661       10.136975        -.001181            .000000
   3       8.0100000   .01252984       11.629065        -.002721            .000000
   4       8.0100000   .02088307       12.614279        -.004432            .000000
   5       8.0100000   .02923630       13.234452        -.006234            .000000
   6       8.0100000   .03758952       13.690227        -.008107            .000000
   7       8.0100000   .04594275       14.043109        -.010033            .000000
   8       8.0100000   .05429598       14.328116        -.012002            .000000
   9       8.0100000   .06264921       14.561357        -.014012            .000000
  10       8.0100000   .07100243       14.771347        -.016077            .000000
  11       8.0100000   .07935566       14.975713        -.018199            .000000
  12       8.0100000   .08770889       15.171373        -.020375            .000000
  13       8.0100000   .09606212       15.358767        -.022603            .000000
  14       8.0100000   .10441534       15.537716        -.024880            .000000
  15       8.0100000   .11276857       15.708124        -.027201            .000000
  16       8.0100000   .12112180       15.869854        -.029564            .000000
  17       8.0100000   .12947502       16.022738        -.031964            .000000
  18       8.0100000   .13782825       16.166569        -.034398            .000000
  19       8.0100000   .14618148       16.301082        -.036861            .000000
  20       8.0100000   .15453471       16.425937        -.039347            .000000
  21       8.0100000   .16288793       16.540690        -.041851            .000000
  22       8.0100000   .17124116       16.644745        -.044365            .000000
  23       8.0100000   .17959439       16.737246        -.046883            .000000
  24       8.0100000   .18794762       16.817105        -.049391            .000000
  25       8.0100000   .19630084       16.881544        -.051880            .000000
  26       8.0100000   .20465407       16.931625        -.054288            .000000
  27       8.0100000   .20883069       16.931625         .000000            .000000
 
   J       X(m)        Z(m)             U(m/s)           W(m/s)          Air_Concentration(%)           

   1       9.0100000   .00000000         .000000         .000000            .000000
   2       9.0100000   .00411530       10.262657        -.001089            .000000
   3       9.0100000   .01234590       11.781681        -.002510            .000000
   4       9.0100000   .02057649       12.784148        -.004091            .000000
   5       9.0100000   .02880709       13.415902        -.005756            .000000
   6       9.0100000   .03703769       13.880540        -.007485            .000000
   7       9.0100000   .04526828       14.240562        -.009266            .000000
   8       9.0100000   .05349888       14.531551        -.011086            .000000
   9       9.0100000   .06172948       14.769855        -.012945            .000000
  10       9.0100000   .06996007       14.984562        -.014855            .000000
  11       9.0100000   .07819067       15.193664        -.016819            .000000
  12       9.0100000   .08642127       15.394000        -.018835            .000000
  13       9.0100000   .09465186       15.586007        -.020899            .000000
  14       9.0100000   .10288246       15.769486        -.023009            .000000
  15       9.0100000   .11111306       15.944326        -.025163            .000000
  16       9.0100000   .11934365       16.110370        -.027356            .000000
  17       9.0100000   .12757425       16.267432        -.029585            .000000
  18       9.0100000   .13580485       16.415283        -.031847            .000000
  19       9.0100000   .14403544       16.553635        -.034138            .000000
  20       9.0100000   .15226604       16.682124        -.036451            .000000
  21       9.0100000   .16049664       16.800277        -.038783            .000000
  22       9.0100000   .16872724       16.907466        -.041126            .000000
  23       9.0100000   .17695783       17.002794        -.043473            .000000
  24       9.0100000   .18518843       17.085127        -.045813            .000000
  25       9.0100000   .19341903       17.151583        -.048136            .000000
  26       9.0100000   .20164962       17.203266        -.050382            .000000
  27       9.0100000   .20576492       17.203266         .000000            .000000
 
   J       X(m)        Z(m)             U(m/s)           W(m/s)          Air_Concentration(%)           

   1      10.0100000   .00000000         .000000         .000000            .000000
   2      10.0100000   .00405921       10.380369        -.001008            .000000
   3      10.0100000   .01217763       11.924734        -.002325            .000000
   4      10.0100000   .02029606       12.943418        -.003791            .000000
   5      10.0100000   .02841448       13.586067        -.005334            .000000
   6      10.0100000   .03653290       14.059053        -.006938            .000000
   7      10.0100000   .04465132       14.425811        -.008589            .000000
   8      10.0100000   .05276974       14.722453        -.010277            .000000
   9      10.0100000   .06088817       14.965552        -.012002            .000000
  10      10.0100000   .06900659       15.184734        -.013774            .000000
  11      10.0100000   .07712501       15.398342        -.015597            .000000
  12      10.0100000   .08524343       15.603138        -.017469            .000000
  13      10.0100000   .09336186       15.799558        -.019386            .000000
  14      10.0100000   .10148028       15.987384        -.021347            .000000
  15      10.0100000   .10959870       16.166489        -.023349            .000000
  16      10.0100000   .11771712       16.336700        -.025388            .000000
  17      10.0100000   .12583554       16.497810        -.027462            .000000
  18      10.0100000   .13395397       16.649571        -.029567            .000000
  19      10.0100000   .14207239       16.791671        -.031700            .000000
  20      10.0100000   .15019081       16.923721        -.033855            .000000
  21      10.0100000   .15830923       17.045219        -.036027            .000000
  22      10.0100000   .16642765       17.155503        -.038211            .000000
  23      10.0100000   .17454608       17.253633        -.040399            .000000
  24      10.0100000   .18266450       17.338426        -.042581            .000000
  25      10.0100000   .19078292       17.406896        -.044747            .000000
  26      10.0100000   .19890134       17.460178        -.046842            .000000
  27      10.0100000   .20296055       17.460178         .000000            .000000
 
   J       X(m)        Z(m)             U(m/s)           W(m/s)          Air_Concentration(%)           

   1      11.0100000   .00000000         .000000         .000000            .000000
   2      11.0100000   .00400777       10.490933        -.000936            .000000
   3      11.0100000   .01202330       12.059180        -.002160            .000000
   4      11.0100000   .02003884       13.093128        -.003522            .000000
   5      11.0100000   .02805437       13.746036        -.004957            .000000
   6      11.0100000   .03606991       14.226885        -.006448            .000000
   7      11.0100000   .04408544       14.599993        -.007983            .000000
   8      11.0100000   .05210098       14.901967        -.009553            .000000
   9      11.0100000   .06011651       15.149594        -.011157            .000000
  10      11.0100000   .06813205       15.373008        -.012805            .000000
  11      11.0100000   .07614758       15.590881        -.014502            .000000
  12      11.0100000   .08416312       15.799907        -.016243            .000000
  13      11.0100000   .09217865       16.000515        -.018028            .000000
  14      11.0100000   .10019419       16.192475        -.019853            .000000
  15      11.0100000   .10820972       16.375644        -.021717            .000000
  16      11.0100000   .11622526       16.549831        -.023616            .000000
  17      11.0100000   .12424079       16.714812        -.025548            .000000
  18      11.0100000   .13225633       16.870319        -.027509            .000000
  19      11.0100000   .14027186       17.016017        -.029496            .000000
  20      11.0100000   .14828740       17.151494        -.031505            .000000
  21      11.0100000   .15630293       17.276216        -.033530            .000000
  22      11.0100000   .16431847       17.389490        -.035567            .000000
  23      11.0100000   .17233400       17.490331        -.037607            .000000
  24      11.0100000   .18034954       17.577510        -.039642            .000000
  25      11.0100000   .18836507       17.647934        -.041662            .000000
  26      11.0100000   .19638061       17.702772        -.043615            .000000
  27      11.0100000   .20038837       17.702772         .000000            .000000
 
   J       X(m)        Z(m)             U(m/s)           W(m/s)          Air_Concentration(%)           

   1      12.0100000   .00000000         .000000         .000000            .000000
   2      12.0100000   .00400647       10.616283        -.001171            .000000
   3      12.0100000   .01201941       12.208180        -.002365            .000000
   4      12.0100000   .02003234       13.257465        -.003655            .000000
   5      12.0100000   .02804528       13.920274        -.005034            .000000
   6      12.0100000   .03605822       14.408646        -.006481            .000001
   7      12.0100000   .04407115       14.787838        -.007987            .000003
   8      12.0100000   .05208409       15.095018        -.009545            .000008
   9      12.0100000   .06009703       15.347236        -.011145            .000017
  10      12.0100000   .06810996       15.575172        -.012766            .000037
  11      12.0100000   .07612290       15.797765        -.014406            .000082
  12      12.0100000   .08413584       16.011540        -.016068            .000182
  13      12.0100000   .09214877       16.216858        -.017752            .000404
  14      12.0100000   .10016171       16.413408        -.019455            .000891
  15      12.0100000   .10817465       16.600978        -.021170            .001956
  16      12.0100000   .11618758       16.779307        -.022883            .004264
  17      12.0100000   .12420052       16.948104        -.024565            .009228
  18      12.0100000   .13221346       17.107026        -.026163            .019809
  19      12.0100000   .14022639       17.255655        -.027584            .042192
  20      12.0100000   .14823933       17.393477        -.028657            .089340
  21      12.0100000   .15625227       17.519834        -.029076            .189346
  22      12.0100000   .16426520       17.633878        -.028187            .411674
  23      12.0100000   .17227814       17.734462        -.024530            .969317
  24      12.0100000   .18029108       17.820230        -.015534           2.432089
  25      12.0100000   .18830401       17.888352         .003726           6.120495
  26      12.0100000   .19631695       17.940028         .062581          18.621258
  27      12.0100000   .20032342       17.940028         .000000          64.460182
 
   J       X(m)        Z(m)             U(m/s)           W(m/s)          Air_Concentration(%)           

   1      13.0100000   .00000000         .000000         .000000            .001056
   2      13.0100000   .00410484       10.795954        -.001383            .001056
   3      13.0100000   .01231451       12.406573        -.002660            .001815
   4      13.0100000   .02052418       13.470513        -.003999            .003309
   5      13.0100000   .02873385       14.142747        -.005415            .005485
   6      13.0100000   .03694352       14.638389        -.006880            .008677
   7      13.0100000   .04515319       15.023488        -.008381            .013196
   8      13.0100000   .05336287       15.335691        -.009906            .019473
   9      13.0100000   .06157254       15.592252        -.011428            .027923
  10      13.0100000   .06978221       15.824318        -.012905            .040005
  11      13.0100000   .07799188       16.051078        -.014308            .058270
  12      13.0100000   .08620155       16.268890        -.015619            .085199
  13      13.0100000   .09441122       16.478012        -.016808            .124778
  14      13.0100000   .10262090       16.678005        -.017836            .182764
  15      13.0100000   .11083057       16.868521        -.018651            .267672
  16      13.0100000   .11904024       17.049157        -.019184            .392199
  17      13.0100000   .12724991       17.219474        -.019341            .575751
  18      13.0100000   .13545958       17.378979        -.018996            .849413
  19      13.0100000   .14366925       17.527116        -.017960           1.268596
  20      13.0100000   .15187892       17.663256        -.015780           1.959521
  21      13.0100000   .16008860       17.786712        -.011829           3.163757
  22      13.0100000   .16829827       17.896734        -.005749           5.202463
  23      13.0100000   .17650794       17.992395         .003864           8.669752
  24      13.0100000   .18471761       18.072720         .020683          15.174297
  25      13.0100000   .19292728       18.135921         .050654          27.383746
  26      13.0100000   .20113695       18.183339         .104282          49.804862
  27      13.0100000   .20524179       18.183339         .000000          82.773339
 
   J       X(m)        Z(m)             U(m/s)           W(m/s)          Air_Concentration(%)           

   1      14.0100000   .00000000         .000000         .000000            .038496
   2      14.0100000   .00422587       10.990479        -.001359            .038496
   3      14.0100000   .01267761       12.617262        -.002535            .050802
   4      14.0100000   .02112934       13.694373        -.003716            .071573
   5      14.0100000   .02958108       14.374590        -.004924            .096930
   6      14.0100000   .03803282       14.876056        -.006124            .128623
   7      14.0100000   .04648456       15.265563        -.007300            .167361
   8      14.0100000   .05493630       15.581215        -.008435            .214405
   9      14.0100000   .06338803       15.840477        -.009500            .270355
  10      14.0100000   .07183977       16.074816        -.010443            .341721
  11      14.0100000   .08029151       16.303596        -.011223            .438501
  12      14.0100000   .08874325       16.523087        -.011814            .566667
  13      14.0100000   .09719499       16.733507        -.012180            .736154
  14      14.0100000   .10564672       16.934361        -.012275            .960213
  15      14.0100000   .11409846       17.125244        -.012044           1.257769
  16      14.0100000   .12255020       17.305698        -.011405           1.657064
  17      14.0100000   .13100194       17.475228        -.010241           2.204537
  18      14.0100000   .13945368       17.633298        -.008322           2.992514
  19      14.0100000   .14790541       17.779367        -.005345           4.214562
  20      14.0100000   .15635715       17.912902        -.001022           6.102646
  21      14.0100000   .16480889       18.033312         .005310           8.914581
  22      14.0100000   .17326063       18.139982         .015153          13.361482
  23      14.0100000   .18171237       18.232412         .030000          20.468011
  24      14.0100000   .19016410       18.310271         .050294          31.141632
  25      14.0100000   .19861584       18.372297         .077953          45.876665
  26      14.0100000   .20706758       18.419438         .118999          65.836616
  27      14.0100000   .21129345       18.419438         .000000          88.660288
 
   J       X(m)        Z(m)             U(m/s)           W(m/s)          Air_Concentration(%)           

   1      15.0100000   .00000000         .000000         .000000            .222956
   2      15.0100000   .00434760       11.178969        -.001070            .222956
   3      15.0100000   .01304280       12.819267        -.001938            .264565
   4      15.0100000   .02173800       13.907814        -.002759            .330855
   5      15.0100000   .03043320       14.594723        -.003557            .406510
   6      15.0100000   .03912841       15.100880        -.004304            .495271
   7      15.0100000   .04782361       15.493745        -.004983            .597508
   8      15.0100000   .05651881       15.811826        -.005581            .715012
   9      15.0100000   .06521401       16.072786        -.006075            .847846
  10      15.0100000   .07390921       16.308313        -.006419           1.009562
  11      15.0100000   .08260441       16.537913        -.006571           1.219608
  12      15.0100000   .09129961       16.757845        -.006504           1.486596
  13      15.0100000   .09999482       16.968323        -.006177           1.826415
  14      15.0100000   .10869002       17.168847        -.005544           2.260580
  15      15.0100000   .11738522       17.359000        -.004541           2.821735
  16      15.0100000   .12608042       17.538314        -.003069           3.565025
  17      15.0100000   .13477562       17.706305        -.000891           4.606260
  18      15.0100000   .14347082       17.862515         .002279           6.145919
  19      15.0100000   .15216602       18.006519         .006654           8.381578
  20      15.0100000   .16086123       18.137876         .012988          11.582540
  21      15.0100000   .16955643       18.256230         .021907          16.331285
  22      15.0100000   .17825163       18.361422         .033590          23.116057
  23      15.0100000   .18694683       18.453278         .048396          32.140819
  24      15.0100000   .19564203       18.531546         .066100          43.618589
  25      15.0100000   .20433723       18.594883         .085172          57.195956
  26      15.0100000   .21303243       18.644004         .101885          73.111922
  27      15.0100000   .21738003       18.644004         .000000          90.000000
 
   J       X(m)        Z(m)             U(m/s)           W(m/s)          Air_Concentration(%)           

   1      16.0100000   .00000000         .000000         .000000            .629659
   2      16.0100000   .00444814       11.344380        -.000703            .629659
   3      16.0100000   .01334441       12.996908        -.001178            .710686
   4      16.0100000   .02224069       14.095530        -.001572            .834130
   5      16.0100000   .03113696       14.788241        -.001918            .970073
   6      16.0100000   .04003324       15.298383        -.002192           1.124669
   7      16.0100000   .04892951       15.694019        -.002385           1.297703
   8      16.0100000   .05782579       16.014027        -.002486           1.491422
   9      16.0100000   .06672206       16.276255        -.002476           1.705255
  10      16.0100000   .07561833       16.512571        -.002317           1.960019
  11      16.0100000   .08451461       16.742606        -.001971           2.284643
  12      16.0100000   .09341088       16.962617        -.001409           2.690277
  13      16.0100000   .10230716       17.172841        -.000590           3.199322
  14      16.0100000   .11120343       17.372796         .000540           3.843765
  15      16.0100000   .12009971       17.562090         .002071           4.678887
  16      16.0100000   .12899598       17.740307         .004207           5.819129
  17      16.0100000   .13789226       17.907083         .007174           7.460634
  18      16.0100000   .14678853       18.062119         .011135           9.781101
  19      16.0100000   .15568481       18.205131         .016639          12.991254
  20      16.0100000   .16458108       18.335934         .023943          17.463996
  21      16.0100000   .17347736       18.454483         .032843          23.413933
  22      16.0100000   .18237363       18.560707         .043460          30.926171
  23      16.0100000   .19126991       18.654410         .055609          40.078658
  24      16.0100000   .20016618       18.735273         .068670          50.724573
  25      16.0100000   .20906245       18.801546         .081273          62.384170
  26      16.0100000   .21795873       18.853652         .091127          75.532875
  27      16.0100000   .22240687       18.853652         .000000          90.000000
 
   J       X(m)        Z(m)             U(m/s)           W(m/s)          Air_Concentration(%)           

   1      17.0100000   .00000000         .000000         .000000           1.242383
   2      17.0100000   .00453978       11.492463        -.000399           1.242383
   3      17.0100000   .01361934       13.156034        -.000534           1.369446
   4      17.0100000   .02269890       14.263806        -.000562           1.551921
   5      17.0100000   .03177847       14.961821        -.000524           1.747133
   6      17.0100000   .04085803       15.475640        -.000408           1.964683
   7      17.0100000   .04993759       15.873874        -.000208           2.204165
   8      17.0100000   .05901715       16.195733         .000084           2.468474
   9      17.0100000   .06809671       16.459233         .000480           2.756641
  10      17.0100000   .07717628       16.696421         .001018           3.096294
  11      17.0100000   .08625584       16.927043         .001730           3.525356
  12      17.0100000   .09533540       17.147357         .002649           4.058116
  13      17.0100000   .10441496       17.357620         .003826           4.725869
  14      17.0100000   .11349452       17.557375         .005337           5.577892
  15      17.0100000   .12257408       17.746280         .007329           6.710295
  16      17.0100000   .13165365       17.924034         .009973           8.315489
  17      17.0100000   .14073321       18.090438         .013427          10.569210
  18      17.0100000   .14981277       18.245321         .018100          13.599667
  19      17.0100000   .15889233       18.388580         .024104          17.655312
  20      17.0100000   .16797189       18.520207         .031195          22.836710
  21      17.0100000   .17705146       18.640159         .039435          29.196152
  22      17.0100000   .18613102       18.748330         .048742          36.791101
  23      17.0100000   .19521058       18.844473         .058830          45.546650
  24      17.0100000   .20429014       18.928089         .069128          55.242338
  25      17.0100000   .21336970       18.997056         .078623          65.491501
  26      17.0100000   .22244926       19.051606         .085759          76.948025
  27      17.0100000   .22698905       19.051606         .000000          90.000000
 
   J       X(m)        Z(m)             U(m/s)           W(m/s)          Air_Concentration(%)           

   1      18.0000000   .00000000         .000000         .000000           1.988778
   2      18.0000000   .00462525       11.626466        -.000187           1.988778
   3      18.0000000   .01387574       13.299991        -.000075           2.170724
   4      18.0000000   .02312623       14.416139         .000170           2.413122
   5      18.0000000   .03237672       15.119056         .000494           2.664401
   6      18.0000000   .04162722       15.636321         .000905           2.939414
   7      18.0000000   .05087771       16.037033         .001402           3.238409
   8      18.0000000   .06012820       16.360705         .001991           3.565378
   9      18.0000000   .06937869       16.625507         .002682           3.919407
  10      18.0000000   .07862919       16.863654         .003509           4.334896
  11      18.0000000   .08787968       17.095015         .004508           4.859335
  12      18.0000000   .09713017       17.315846         .005707           5.512212
  13      18.0000000   .10638067       17.526433         .007155           6.335802
  14      18.0000000   .11563116       17.726353         .008938           7.403248
  15      18.0000000   .12488165       17.915355         .011292           8.877076
  16      18.0000000   .13413214       18.093273         .014457          10.945593
  17      18.0000000   .14338264       18.260026         .018534          13.723820
  18      18.0000000   .15263313       18.415582         .023597          17.354407
  19      18.0000000   .16188362       18.559950         .029455          21.890991
  20      18.0000000   .17113411       18.693100         .036169          27.363387
  21      18.0000000   .18038461       18.814957         .043712          33.824388
  22      18.0000000   .18963510       18.925387         .051945          41.249104
  23      18.0000000   .19888559       19.024040         .060574          49.508721
  24      18.0000000   .20813608       19.110254         .069107          58.393368
  25      18.0000000   .21738658       19.181606         .076756          67.613951
  26      18.0000000   .22663707       19.238219         .082358          77.918255
  27      18.0000000   .23126232       19.238219         .000000          90.000000
 
   J       X(m)        Z(m)             U(m/s)           W(m/s)          Air_Concentration(%)           

   1      19.0000000   .00000000         .000000         .000000           2.815373
   2      19.0000000   .00470781       11.752254        -.000055           2.815373
   3      19.0000000   .01412344       13.435084         .000219           3.065424
   4      19.0000000   .02353907       14.559198         .000648           3.372698
   5      19.0000000   .03295469       15.266818         .001168           3.679942
   6      19.0000000   .04237032       15.787423         .001782           4.009531
   7      19.0000000   .05178595       16.190571         .002490           4.363819
   8      19.0000000   .06120157       16.516061         .003297           4.748976
   9      19.0000000   .07061720       16.782205         .004216           5.164834
  10      19.0000000   .08003283       17.021393         .005279           5.652364
  11      19.0000000   .08944845       17.253614         .006524           6.268501
  12      19.0000000   .09886408       17.475126         .007992           7.039376
  13      19.0000000   .10827971       17.686244         .009752           8.023695
  14      19.0000000   .11769533       17.886608         .011948           9.334162
  15      19.0000000   .12711096       18.076084         .014744          11.169757
  16      19.0000000   .13652659       18.254654         .018294          13.689952
  17      19.0000000   .14594221       18.422350         .022646          16.927918
  18      19.0000000   .15535784       18.579179         .027639          20.919053
  19      19.0000000   .16477347       18.725122         .033319          25.678540
  20      19.0000000   .17418909       18.860126         .039677          31.257506
  21      19.0000000   .18360472       18.984109         .046635          37.657969
  22      19.0000000   .19302035       19.096885         .054030          44.813564
  23      19.0000000   .20243597       19.198008         .061588          52.582629
  24      19.0000000   .21185160       19.286667         .068887          60.785578
  25      19.0000000   .22126723       19.360192         .075294          69.210540
  26      19.0000000   .23068286       19.418641         .079893          78.653732
  27      19.0000000   .23539067       19.418641         .000000          90.000000
 
   J       X(m)        Z(m)             U(m/s)           W(m/s)          Air_Concentration(%)           

   1      20.0000000   .00000000         .000000         .000000           3.658297
   2      20.0000000   .00478747       11.870584         .000013           3.658297
   3      20.0000000   .01436241       13.562116         .000377           3.989323
   4      20.0000000   .02393735       14.693800         .000919           4.368631
   5      20.0000000   .03351228       15.405903         .001575           4.735965
   6      20.0000000   .04308722       15.929714         .002341           5.123426
   7      20.0000000   .05266216       16.335221         .003213           5.535527
   8      20.0000000   .06223710       16.662497         .004191           5.980336
   9      20.0000000   .07181204       16.929988         .005286           6.458692
  10      20.0000000   .08138698       17.170256         .006528           7.018605
  11      20.0000000   .09096192       17.403417         .007957           7.727291
  12      20.0000000   .10053685       17.625729         .009615           8.619082
  13      20.0000000   .11011179       17.837551         .011587           9.774679
  14      20.0000000   .11968673       18.038609         .014103          11.365263
  15      20.0000000   .12926167       18.228913         .017404          13.581153
  16      20.0000000   .13883661       18.408546         .021326          16.454880
  17      20.0000000   .14841155       18.577560         .025745          19.975996
  18      20.0000000   .15798649       18.735946         .030708          24.145754
  19      20.0000000   .16756142       18.883666         .036224          29.011751
  20      20.0000000   .17713636       19.020671         .042257          34.590282
  21      20.0000000   .18671130       19.146851         .048716          40.851494
  22      20.0000000   .19628624       19.261962         .055443          47.710508
  23      20.0000000   .20586118       19.365457         .062190          55.030621
  24      20.0000000   .21543612       19.456399         .068590          62.664818
  25      20.0000000   .22501106       19.531911         .074115          70.459414
  26      20.0000000   .23458599       19.592009         .078012          79.233816
  27      20.0000000   .23937346       19.592009         .000000          90.000000
 
   J       X(m)        Z(m)             U(m/s)           W(m/s)          Air_Concentration(%)           

   1      21.0000000   .00000000         .000000         .000000           4.474477
   2      21.0000000   .00486474       11.982746         .000030           4.474477
   3      21.0000000   .01459422       13.682476         .000436           4.902710
   4      21.0000000   .02432370       14.821438         .001046           5.366578
   5      21.0000000   .03405318       15.537890         .001786           5.801145
   6      21.0000000   .04378266       16.064837         .002652           6.250494
   7      21.0000000   .05351214       16.472673         .003639           6.722584
   8      21.0000000   .06324161       16.801731         .004749           7.228448
   9      21.0000000   .07297109       17.070584         .005994           7.770548
  10      21.0000000   .08270057       17.311967         .007410           8.404795
  11      21.0000000   .09243005       17.546124         .009048           9.210513
  12      21.0000000   .10215953       17.769323         .010975          10.234509
  13      21.0000000   .11188901       17.981987         .013330          11.591109
  14      21.0000000   .12161849       18.183964         .016281          13.486509
  15      21.0000000   .13134797       18.375409         .019770          16.040094
  16      21.0000000   .14107745       18.556429         .023703          19.152575
  17      21.0000000   .15080693       18.727008         .028116          22.818241
  18      21.0000000   .16053641       18.887115         .033013          27.083411
  19      21.0000000   .17026588       19.036725         .038369          31.973660
  20      21.0000000   .17999536       19.175777         .044124          37.482571
  21      21.0000000   .18972484       19.304133         .050179          43.562734
  22      21.0000000   .19945432       19.421490         .056379          50.123583
  23      21.0000000   .20918380       19.527217         .062500          57.039878
  24      21.0000000   .21891328       19.620267         .068222          64.193340
  25      21.0000000   .22864276       19.697590         .073095          71.473547
  26      21.0000000   .23837224       19.759176         .076479          79.708793
  27      21.0000000   .24323698       19.759176         .000000          90.000000
 
   J       X(m)        Z(m)             U(m/s)           W(m/s)          Air_Concentration(%)           

   1      22.0000000   .00000000         .000000         .000000           5.247059
   2      22.0000000   .00494000       12.089464         .000037           5.247059
   3      22.0000000   .01482001       13.796922         .000467           5.786235
   4      22.0000000   .02470001       14.942904         .001122           6.345971
   5      22.0000000   .03458002       15.663580         .001927           6.856247
   6      22.0000000   .04446002       16.193599         .002876           7.374833
   7      22.0000000   .05434003       16.603736         .003963           7.913706
   8      22.0000000   .06422003       16.934575         .005188           8.487347
   9      22.0000000   .07410004       17.204814         .006565           9.100181
  10      22.0000000   .08398004       17.447360         .008131           9.817044
  11      22.0000000   .09386005       17.682597         .009945          10.731359
  12      22.0000000   .10374005       17.906813         .012094          11.906597
  13      22.0000000   .11362006       18.120522         .014779          13.501789
  14      22.0000000   .12350006       18.323711         .018034          15.692186
  15      22.0000000   .13338007       18.516569         .021649          18.445487
  16      22.0000000   .14326007       18.699138         .025665          21.678904
  17      22.0000000   .15314008       18.871391         .030090          25.435000
  18      22.0000000   .16302008       19.033315         .034912          29.742935
  19      22.0000000   .17290009       19.184880         .040097          34.609960
  20      22.0000000   .18278009       19.326011         .045587          40.013829
  21      22.0000000   .19266010       19.456525         .051284          45.898005
  22      22.0000000   .20254010       19.576065         .057046          52.173351
  23      22.0000000   .21242011       19.683919         .062666          58.728603
  24      22.0000000   .22230011       19.778945         .067858          65.470160
  25      22.0000000   .23218012       19.857943         .072227          72.320512
  26      22.0000000   .24206013       19.920893         .075218          80.108631
  27      22.0000000   .24700013       19.920893         .000000          90.000000
 
   J       X(m)        Z(m)             U(m/s)           W(m/s)          Air_Concentration(%)           

   1      23.0000000   .00000000         .000000         .000000           5.974940
   2      23.0000000   .00501353       12.191256         .000036           5.974940
   3      23.0000000   .01504060       13.906013         .000473           6.633536
   4      23.0000000   .02506766       15.058784         .001154           7.297859
   5      23.0000000   .03509473       15.783595         .002000           7.890776
   6      23.0000000   .04512179       16.316657         .003005           8.484600
   7      23.0000000   .05514886       16.729104         .004163           9.095591
   8      23.0000000   .06517592       17.061759         .005477           9.742045
   9      23.0000000   .07520299       17.333435         .006961          10.430739
  10      23.0000000   .08523005       17.577217         .008660          11.236533
  11      23.0000000   .09525712       17.813635         .010648          12.269596
  12      23.0000000   .10528419       18.039010         .013057          13.616558
  13      23.0000000   .11531125       18.253981         .015984          15.476933
  14      23.0000000   .12533832       18.458641         .019361          17.905703
  15      23.0000000   .13536538       18.653109         .023101          20.754771
  16      23.0000000   .14539245       18.837355         .027193          24.064084
  17      23.0000000   .15541951       19.011385         .031627          27.864305
  18      23.0000000   .16544658       19.175193         .036383          32.170822
  19      23.0000000   .17547364       19.328742         .041426          36.977785
  20      23.0000000   .18550071       19.471935         .046696          42.253102
  21      23.0000000   .19552777       19.604556         .052101          47.936444
  22      23.0000000   .20555484       19.726192         .057505          53.943124
  23      23.0000000   .21558190       19.836063         .062722          60.175295
  24      23.0000000   .22560897       19.932944         .067491          66.559588
  25      23.0000000   .23563603       20.013504         .071465          73.043715
  26      23.0000000   .24566310       20.077717         .074148          80.452558
  27      23.0000000   .25067663       20.077717         .000000          90.000000
 
   J       X(m)        Z(m)             U(m/s)           W(m/s)          Air_Concentration(%)           

   1      24.0000000   .00000000         .000000         .000000           6.657852
   2      24.0000000   .00508556       12.288641         .000032           6.657852
   3      24.0000000   .01525667       14.010288         .000475           7.441579
   4      24.0000000   .02542778       15.169606         .001180           8.217760
   5      24.0000000   .03559889       15.898436         .002073           8.900208
   6      24.0000000   .04577000       16.434481         .003148           9.576528
   7      24.0000000   .05594111       16.849215         .004405          10.267680
   8      24.0000000   .06611222       17.183688         .005853          10.996486
   9      24.0000000   .07628333       17.456830         .007513          11.772993
  10      24.0000000   .08645444       17.701904         .009444          12.684861
  11      24.0000000   .09662555       17.939612         .011749          13.865053
  12      24.0000000   .10679666       18.166343         .014463          15.415176
  13      24.0000000   .11696777       18.382823         .017527          17.464534
  14      24.0000000   .12713889       18.589114         .020910          19.995696
  15      24.0000000   .13731000       18.785295         .024627          22.928438
  16      24.0000000   .14748111       18.971345         .028670          26.293898
  17      24.0000000   .15765222       19.147267         .033026          30.113279
  18      24.0000000   .16782333       19.313046         .037670          34.392646
  19      24.0000000   .17799444       19.468630         .042559          39.118303
  20      24.0000000   .18816555       19.613897         .047627          44.253466
  21      24.0000000   .19833666       19.748597         .052778          49.738018
  22      24.0000000   .20850777       19.872268         .057883          55.493629
  23      24.0000000   .21867888       19.984072         .062768          61.435011
  24      24.0000000   .22884999       20.082711         .067194          67.505493
  25      24.0000000   .23902110       20.164739         .070847          73.672414
  26      24.0000000   .24919222       20.230134         .073284          80.753632
  27      24.0000000   .25427777       20.230134         .000000          90.000000
 
   J       X(m)        Z(m)             U(m/s)           W(m/s)          Air_Concentration(%)           

   1      25.0000000   .00000000         .000000         .000000           7.302656
   2      25.0000000   .00515630       12.381762         .000039           7.302656
   3      25.0000000   .01546889       14.109859         .000500           8.217103
   4      25.0000000   .02578149       15.275474         .001244           9.113495
   5      25.0000000   .03609408       16.008212         .002198           9.893999
   6      25.0000000   .04640668       16.547202         .003360          10.662021
   7      25.0000000   .05671927       16.964233         .004734          11.443350
   8      25.0000000   .06703187       17.300575         .006332          12.265793
   9      25.0000000   .07734446       17.575266         .008182          13.143283
  10      25.0000000   .08765706       17.821761         .010351          14.178231
  11      25.0000000   .09796965       18.060951         .012850          15.513439
  12      25.0000000   .10828224       18.289259         .015661          17.218723
  13      25.0000000   .11859484       18.507414         .018806          19.383610
  14      25.0000000   .12890743       18.715452         .022241          21.988308
  15      25.0000000   .13922003       18.913442         .025975          24.976945
  16      25.0000000   .14953262       19.101374         .029999          28.372717
  17      25.0000000   .15984522       19.279248         .034298          32.188551
  18      25.0000000   .17015781       19.447042         .038843          36.422848
  19      25.0000000   .18047041       19.604688         .043590          41.056060
  20      25.0000000   .19078300       19.752037         .048472          46.048755
  21      25.0000000   .20109560       19.888803         .053399          51.342611
  22      25.0000000   .21140819       20.014480         .058245          56.866118
  23      25.0000000   .22172079       20.128170         .062849          62.545433
  24      25.0000000   .23203338       20.228512         .066990          68.337887
  25      25.0000000   .24234598       20.311954         .070381          74.226530
  26      25.0000000   .25265857       20.378481         .072613          81.020608
  27      25.0000000   .25781487       20.378481         .000000          90.000000
 
   J       X(m)        Z(m)             U(m/s)           W(m/s)          Air_Concentration(%)           

   1      26.0000000   .00000000         .000000         .000000           7.918301
   2      26.0000000   .00522595       12.470808         .000053           7.918301
   3      26.0000000   .01567785       14.204944         .000543           8.968631
   4      26.0000000   .02612976       15.376635         .001338           9.993142
   5      26.0000000   .03658166       16.113201         .002370          10.879964
   6      26.0000000   .04703356       16.655125         .003639          11.748848
   7      26.0000000   .05748547       17.074494         .005152          12.630624
   8      26.0000000   .06793737       17.412787         .006924          13.558656
   9      26.0000000   .07838927       17.689148         .008987          14.551123
  10      26.0000000   .08884117       17.937224         .011323          15.707139
  11      26.0000000   .09929308       18.178069         .013898          17.152763
  12      26.0000000   .10974498       18.408080         .016776          18.964773
  13      26.0000000   .12019688       18.628016         .019976          21.226781
  14      26.0000000   .13064879       18.837903         .023444          23.886327
  15      26.0000000   .14110069       19.037793         .027183          26.910890
  16      26.0000000   .15155259       19.227682         .031183          30.317200
  17      26.0000000   .16200449       19.407565         .035426          34.111728
  18      26.0000000   .17245640       19.577412         .039881          38.287271
  19      26.0000000   .18290830       19.737135         .044502          42.820486
  20      26.0000000   .19336020       19.886563         .049222          47.671010
  21      26.0000000   .20381210       20.025374         .053952          52.783252
  22      26.0000000   .21426401       20.153020         .058577          58.092361
  23      26.0000000   .22471591       20.268551         .062942          63.534534
  24      26.0000000   .23516781       20.370547         .066843          69.078718
  25      26.0000000   .24561972       20.455358         .070014          74.720614
  26      26.0000000   .25607162       20.522976         .072077          81.259999
  27      26.0000000   .26129757       20.522976         .000000          90.000000
 
   J       X(m)        Z(m)             U(m/s)           W(m/s)          Air_Concentration(%)           

   1      27.0000000   .00000000         .000000         .000000           8.513062
   2      27.0000000   .00529467       12.555990         .000078           8.513062
   3      27.0000000   .01588402       14.295767         .000610           9.705065
   4      27.0000000   .02647337       15.473336         .001476          10.866533
   5      27.0000000   .03706271       16.213672         .002606          11.868966
   6      27.0000000   .04765206       16.758552         .004003          12.849030
   7      27.0000000   .05824141       17.180334         .005675          13.842744
   8      27.0000000   .06883075       17.520706         .007643          14.889177
   9      27.0000000   .07942010       17.798884         .009853          15.983905
  10      27.0000000   .09000945       18.048672         .012254          17.217591
  11      27.0000000   .10059879       18.291262         .014886          18.740374
  12      27.0000000   .11118814       18.523060         .017816          20.648039
  13      27.0000000   .12177749       18.744862         .021058          22.993438
  14      27.0000000   .13236683       18.956677         .024550          25.692007
  15      27.0000000   .14295618       19.158539         .028290          28.736418
  16      27.0000000   .15354553       19.350444         .032266          32.138081
  17      27.0000000   .16413487       19.532383         .036457          35.898375
  18      27.0000000   .17472422       19.704311         .040830          40.006009
  19      27.0000000   .18531357       19.866126         .045338          44.435329
  20      27.0000000   .19590291       20.017629         .049915          49.146196
  21      27.0000000   .20649226       20.158467         .054475          54.086285
  22      27.0000000   .21708161       20.288053         .058907          59.197063
  23      27.0000000   .22767095       20.405387         .063069          64.423529
  24      27.0000000   .23826030       20.508995         .066765          69.744309
  25      27.0000000   .24884965       20.595135         .069751          75.165398
  26      27.0000000   .25943899       20.663812         .071670          81.476630
  27      27.0000000   .26473367       20.663812         .000000          90.000000
 
   J       X(m)        Z(m)             U(m/s)           W(m/s)          Air_Concentration(%)           

   1      28.0000000   .00000000         .000000         .000000           9.096060
   2      28.0000000   .00536259       12.637483         .000114           9.096060
   3      28.0000000   .01608777       14.382532         .000704          10.436869
   4      28.0000000   .02681294       15.565827         .001659          11.745534
   5      28.0000000   .03753812       16.309922         .002918          12.874183
   6      28.0000000   .04826330       16.857824         .004503          13.977489
   7      28.0000000   .05898847       17.282153         .006359          15.094381
   8      28.0000000   .06971365       17.624748         .008419          16.235128
   9      28.0000000   .08043883       17.904839         .010673          17.390463
  10      28.0000000   .09116400       18.156398         .013134          18.683113
  11      28.0000000   .10188918       18.400792         .015846          20.275818
  12      28.0000000   .11261436       18.634439         .018826          22.268972
  13      28.0000000   .12333953       18.858171         .022061          24.683386
  14      28.0000000   .13406471       19.071978         .025550          27.408781
  15      28.0000000   .14478989       19.275865         .029280          30.460377
  16      28.0000000   .15551506       19.469831         .033228          33.845681
  17      28.0000000   .16624024       19.653857         .037367          37.562283
  18      28.0000000   .17696542       19.827887         .041663          41.596033
  19      28.0000000   .18769059       19.991799         .046068          45.920047
  20      28.0000000   .19841577       20.145371         .050516          50.495165
  21      28.0000000   .20914095       20.288219         .054926          55.272546
  22      28.0000000   .21986612       20.419717         .059191          60.199538
  23      28.0000000   .23059130       20.538821         .063175          65.228840
  24      28.0000000   .24131648       20.644007         .066696          70.347208
  25      28.0000000   .25204165       20.731445         .069523          75.569102
  26      28.0000000   .26276683       20.801154         .071321          81.674228
  27      28.0000000   .26812942       20.801154         .000000          90.000000
 
   J       X(m)        Z(m)             U(m/s)           W(m/s)          Air_Concentration(%)           

   1      29.0000000   .00000000         .000000         .000000           9.676755
   2      29.0000000   .00542981       12.715485         .000163           9.676755
   3      29.0000000   .01628944       14.465465         .000835          11.175636
   4      29.0000000   .02714907       15.654372         .001924          12.644519
   5      29.0000000   .03800870       16.402255         .003378          13.913554
   6      29.0000000   .04886833       16.953305         .005130          15.151031
   7      29.0000000   .05972796       17.380309         .007090          16.361711
   8      29.0000000   .07058758       17.725190         .009244          17.559852
   9      29.0000000   .08144721       18.007225         .011581          18.768766
  10      29.0000000   .09230684       18.260598         .014118          20.117817
  11      29.0000000   .10316647       18.506856         .016894          21.776983
  12      29.0000000   .11402610       18.742417         .019915          23.830669
  13      29.0000000   .12488572       18.968119         .023160          26.280896
  14      29.0000000   .13574535       19.183941         .026633          29.027011
  15      29.0000000   .14660498       19.389887         .030325          32.079913
  16      29.0000000   .15746461       19.585947         .034220          35.443310
  17      29.0000000   .16832424       19.772089         .038291          39.111859
  18      29.0000000   .17918387       19.948240         .042502          43.069654
  19      29.0000000   .19004349       20.114259         .046804          47.289607
  20      29.0000000   .20090312       20.269898         .051133          51.734227
  21      29.0000000   .21176275       20.414743         .055406          56.358360
  22      29.0000000   .22262238       20.548132         .059523          61.114861
  23      29.0000000   .23348201       20.668979         .063352          65.963238
  24      29.0000000   .24434163       20.775713         .066720          70.897153
  25      29.0000000   .25520126       20.864423         .069410          75.938112
  26      29.0000000   .26606089       20.935140         .071104          81.855684
  27      29.0000000   .27149071       20.935140         .000000          90.000000
 
   J       X(m)        Z(m)             U(m/s)           W(m/s)          Air_Concentration(%)           

   1      30.0000000   .00000000         .000000         .000000          10.265972
   2      30.0000000   .00549644       12.790166         .000226          10.265972
   3      30.0000000   .01648932       14.544785         .000995          11.935236
   4      30.0000000   .02748220       15.739280         .002218          13.579871
   5      30.0000000   .03847509       16.491094         .003802          15.002856
   6      30.0000000   .04946797       17.045432         .005681          16.343373
   7      30.0000000   .06046085       17.475162         .007747          17.610668
   8      30.0000000   .07145373       17.822353         .009980          18.859807
   9      30.0000000   .08244661       18.106365         .012379          20.116096
  10      30.0000000   .09343949       18.361590         .014968          21.514286
  11      30.0000000   .10443238       18.609754         .017786          23.230295
  12      30.0000000   .11542526       18.847265         .020841          25.332421
  13      30.0000000   .12641814       19.074964         .024106          27.806167
  14      30.0000000   .13741102       19.292818         .027582          30.561487
  15      30.0000000   .14840390       19.500831         .031258          33.605959
  16      30.0000000   .15939678       19.698986         .035117          36.940189
  17      30.0000000   .17038967       19.887239         .039132          40.556367
  18      30.0000000   .18138255       20.065504         .043267          44.437174
  19      30.0000000   .19237543       20.233618         .047475          48.555556
  20      30.0000000   .20336831       20.391309         .051692          52.875766
  21      30.0000000   .21436119       20.538131         .055841          57.356147
  22      30.0000000   .22535407       20.673391         .059823          61.954563
  23      30.0000000   .23634696       20.795958         .063514          66.636533
  24      30.0000000   .24733984       20.904216         .066748          71.401643
  25      30.0000000   .25833272       20.994177         .069319          76.277343
  26      30.0000000   .26932560       21.065886         .070921          82.023210
  27      30.0000000   .27482204       21.065886         .000000          90.000000
 
   J       X(m)        Z(m)             U(m/s)           W(m/s)          Air_Concentration(%)           

   1      31.0000000   .00000000         .000000         .000000          10.872770
   2      31.0000000   .00556251       12.861899         .000305          10.872770
   3      31.0000000   .01668752       14.620945         .001202          12.727950
   4      31.0000000   .02781254       15.821144         .002613          14.568447
   5      31.0000000   .03893755       16.577012         .004345          16.111066
   6      31.0000000   .05006256       17.134661         .006279          17.516669
   7      31.0000000   .06118758       17.567121         .008392          18.837256
   8      31.0000000   .07231259       17.916635         .010671          20.132567
   9      31.0000000   .08343761       18.202638         .013114          21.430615
  10      31.0000000   .09456262       18.459727         .015744          22.871441
  11      31.0000000   .10568764       18.709808         .018600          24.636171
  12      31.0000000   .11681265       18.949280         .021684          26.777200
  13      31.0000000   .12793766       19.178983         .024967          29.265259
  14      31.0000000   .13906268       19.398871         .028446          32.021048
  15      31.0000000   .15018769       19.608947         .032109          35.049406
  16      31.0000000   .16131271       19.809185         .035938          38.348464
  17      31.0000000   .17243772       19.999533         .039904          41.908569
  18      31.0000000   .18356274       20.179888         .043973          45.711517
  19      31.0000000   .19468775       20.350069         .048096          49.730634
  20      31.0000000   .20581276       20.509779         .052214          53.931994
  21      31.0000000   .21693778       20.658545         .056251          58.277206
  22      31.0000000   .22806279       20.795637         .060113          62.728613
  23      31.0000000   .23918781       20.919889         .063681          67.256970
  24      31.0000000   .25031282       21.029640         .066795          71.866906
  25      31.0000000   .26143784       21.120825         .069261          76.590896
  26      31.0000000   .27256285       21.193504         .070785          82.178726
  27      31.0000000   .27812536       21.193504         .000000          90.000000
 
   J       X(m)        Z(m)             U(m/s)           W(m/s)          Air_Concentration(%)           

   1      32.0000000   .00000000         .000000         .000000          11.501762
   2      32.0000000   .00562802       12.931218         .000407          11.501762
   3      32.0000000   .01688407       14.694621         .001479          13.560922
   4      32.0000000   .02814012       15.900595         .003003          15.578703
   5      32.0000000   .03939617       16.660543         .004770          17.215652
   6      32.0000000   .05065221       17.221487         .006746          18.678288
   7      32.0000000   .06190826       17.656651         .008906          20.044860
   8      32.0000000   .07316431       18.008462         .011232          21.379621
   9      32.0000000   .08442036       18.296431         .013721          22.713158
  10      32.0000000   .09567640       18.555364         .016393          24.190127
  11      32.0000000   .10693245       18.807344         .019285          25.995962
  12      32.0000000   .11818850       19.048761         .022397          28.167480
  13      32.0000000   .12944455       19.280451         .025695          30.662201
  14      32.0000000   .14070059       19.502355         .029176          33.411394
  15      32.0000000   .15195664       19.714472         .032825          36.417583
  16      32.0000000   .16321269       19.916769         .036623          39.676915
  17      32.0000000   .17446874       20.109184         .040544          43.178381
  18      32.0000000   .18572478       20.291596         .044551          46.903317
  19      32.0000000   .19698083       20.463807         .048597          50.825690
  20      32.0000000   .20823688       20.625495         .052624          54.913450
  21      32.0000000   .21949293       20.776160         .056559          59.131261
  22      32.0000000   .23074897       20.915042         .060312          63.445482
  23      32.0000000   .24200502       21.040935         .063769          67.831450
  24      32.0000000   .25326107       21.152140         .066776          72.298100
  25      32.0000000   .26451712       21.244516         .069148          76.882160
  26      32.0000000   .27577317       21.318139         .070604          82.323843
  27      32.0000000   .28140119       21.318139         .000000          90.000000
 
   J       X(m)        Z(m)             U(m/s)           W(m/s)          Air_Concentration(%)           

   1      33.0000000   .00000000         .000000         .000000          12.164804
   2      33.0000000   .00569298       12.998617         .000459          12.164804
   3      33.0000000   .01707895       14.766448         .001615          14.442323
   4      33.0000000   .02846492       15.978217         .003232          16.607586
   5      33.0000000   .03985088       16.742125         .005082          18.307196
   6      33.0000000   .05123685       17.306240         .007129          19.819034
   7      33.0000000   .06262282       17.744029         .009347          21.226000
   8      33.0000000   .07400878       18.098084         .011722          22.595588
   9      33.0000000   .08539475       18.387987         .014251          23.960368
  10      33.0000000   .09678072       18.648742         .016956          25.468891
  11      33.0000000   .10816668       18.902605         .019873          27.310028
  12      33.0000000   .11955265       19.145953         .023001          29.505324
  13      33.0000000   .13093861       19.379613         .026307          32.000582
  14      33.0000000   .14232458       19.603512         .029783          34.737498
  15      33.0000000   .15371055       19.817645         .033415          37.716731
  16      33.0000000   .16509651       20.021971         .037183          40.932902
  17      33.0000000   .17648248       20.216414         .041059          44.374069
  18      33.0000000   .18786845       20.400842         .045006          48.021432
  19      33.0000000   .19925441       20.575035         .048980          51.849792
  20      33.0000000   .21064038       20.738652         .052923          55.828968
  21      33.0000000   .22202635       20.891166         .056765          59.926475
  22      33.0000000   .23341231       21.031786         .060418          64.112285
  23      33.0000000   .24479828       21.159273         .063774          68.365761
  24      33.0000000   .25618425       21.271886         .066684          72.699538
  25      33.0000000   .26757021       21.365417         .068972          77.153957
  26      33.0000000   .27895618       21.439953         .070367          82.459887
  27      33.0000000   .28464916       21.439953         .000000          90.000000
 
   J       X(m)        Z(m)             U(m/s)           W(m/s)          Air_Concentration(%)           

   1      34.0000000   .00000000         .000000         .000000          12.846129
   2      34.0000000   .00575734       13.064647         .000605          12.846129
   3      34.0000000   .01727202       14.836838         .001852          15.333754
   4      34.0000000   .02878671       16.054367         .003476          17.632573
   5      34.0000000   .04030139       16.822206         .005352          19.391711
   6      34.0000000   .05181607       17.389445         .007437          20.947477
   7      34.0000000   .06333075       17.829797         .009698          22.389003
   8      34.0000000   .07484544       18.186032         .012115          23.787580
   9      34.0000000   .08636012       18.477805         .014683          25.177984
  10      34.0000000   .09787480       18.740324         .017422          26.712213
  11      34.0000000   .10938948       18.996009         .020366          28.581889
  12      34.0000000   .12090416       19.241227         .023511          30.794021
  13      34.0000000   .13241885       19.476799         .026823          33.284136
  14      34.0000000   .14393353       19.702637         .030294          36.003863
  15      34.0000000   .15544821       19.918731         .033908          38.952265
  16      34.0000000   .16696289       20.125031         .037645          42.122734
  17      34.0000000   .17847758       20.321449         .041476          45.502675
  18      34.0000000   .18999226       20.507837         .045367          49.073380
  19      34.0000000   .20150694       20.683958         .049272          52.810598
  20      34.0000000   .21302162       20.849447         .053137          56.685985
  21      34.0000000   .22453631       21.003753         .056891          60.669709
  22      34.0000000   .23605099       21.146058         .060453          64.734999
  23      34.0000000   .24756567       21.275085         .063716          68.864775
  24      34.0000000   .25908035       21.389060         .066539          73.074858
  25      34.0000000   .27059504       21.483704         .068750          77.408676
  26      34.0000000   .28210972       21.559123         .070091          82.587991
  27      34.0000000   .28786706       21.559123         .000000          90.000000
 
   J       X(m)        Z(m)             U(m/s)           W(m/s)          Air_Concentration(%)           

   1      35.0000000   .00000000         .000000         .000000          13.595455
   2      35.0000000   .00582107       13.129862         .000677          13.595455
   3      35.0000000   .01746320       14.906386         .002007          16.252448
   4      35.0000000   .02910534       16.129319         .003697          18.636727
   5      35.0000000   .04074748       16.900855         .005621          20.451218
   6      35.0000000   .05238961       17.471102         .007742          22.048670
   7      35.0000000   .06403175       17.913956         .010030          23.522837
   8      35.0000000   .07567389       18.272338         .012469          24.948247
   9      35.0000000   .08731602       18.565962         .015055          26.361698
  10      35.0000000   .09895816       18.830226         .017809          27.918300
  11      35.0000000   .11060030       19.087715         .020764          29.811834
  12      35.0000000   .12224243       19.334780         .023915          32.035501
  13      35.0000000   .13388457       19.572232         .027225          34.516047
  14      35.0000000   .14552671       19.799969         .030684          37.214667
  15      35.0000000   .15716884       20.017978         .034276          40.129185
  16      35.0000000   .16881098       20.226199         .037979          43.252088
  17      35.0000000   .18045312       20.424534         .041765          46.570398
  18      35.0000000   .19209525       20.612820         .045600          50.065675
  19      35.0000000   .20373739       20.790803         .049438          53.714684
  20      35.0000000   .21537953       20.958099         .053227          57.490857
  21      35.0000000   .22702166       21.114133         .056900          61.366812
  22      35.0000000   .23866380       21.258058         .060376          65.318714
  23      35.0000000   .25030594       21.388568         .063553          69.332637
  24      35.0000000   .26194807       21.503850         .066294          73.427157
  25      35.0000000   .27359021       21.599565         .068437          77.648353
  26      35.0000000   .28523235       21.675830         .069728          82.709116
  27      35.0000000   .29105342       21.675830         .000000          90.000000
 
   J       X(m)        Z(m)             U(m/s)           W(m/s)          Air_Concentration(%)           

   1      36.0000000   .00000000         .000000         .000000          14.355343
   2      36.0000000   .00588410       13.194699         .000711          14.355343
   3      36.0000000   .01765230       14.975529         .002091          17.179789
   4      36.0000000   .02942050       16.203731         .003830          19.639147
   5      36.0000000   .04118870       16.978797         .005799          21.500498
   6      36.0000000   .05295690       17.551891         .007959          23.132569
   7      36.0000000   .06472510       17.997105         .010281          24.633538
   8      36.0000000   .07649330       18.357512         .012748          26.080842
   9      36.0000000   .08826150       18.652888         .015356          27.513049
  10      36.0000000   .10002970       18.918814         .018126          29.087821
  11      36.0000000   .11179790       19.178029         .021092          31.000470
  12      36.0000000   .12356610       19.426869         .024244          33.230958
  13      36.0000000   .13533430       19.666136         .027547          35.698300
  14      36.0000000   .14710250       19.895711         .030990          38.372807
  15      36.0000000   .15887070       20.115575         .034556          41.251269
  16      36.0000000   .17063890       20.325658         .038223          44.325491
  17      36.0000000   .18240710       20.525850         .041963          47.582310
  18      36.0000000   .19417530       20.715974         .045741          51.003701
  19      36.0000000   .20594350       20.895758         .049515          54.567492
  20      36.0000000   .21771170       21.064798         .053231          58.248827
  21      36.0000000   .22947990       21.222497         .056825          62.022594
  22      36.0000000   .24124810       21.367981         .060220          65.867615
  23      36.0000000   .25301630       21.499915         .063316          69.772759
  24      36.0000000   .26478450       21.616453         .065981          73.758997
  25      36.0000000   .27655270       21.713193         .068059          77.874682
  26      36.0000000   .28832090       21.790269         .069305          82.824070
  27      36.0000000   .29420500       21.790269         .000000          90.000000
 
   J       X(m)        Z(m)             U(m/s)           W(m/s)          Air_Concentration(%)           

   1      37.0000000   .00000000         .000000         .000000          15.116317
   2      37.0000000   .00594640       13.258867         .000794          15.116317
   3      37.0000000   .01783921       15.044000         .002174          18.103197
   4      37.0000000   .02973202       16.277447         .003937          20.633000
   5      37.0000000   .04162483       17.055994         .005938          22.536344
   6      37.0000000   .05351764       17.631875         .008130          24.198447
   7      37.0000000   .06541045       18.079386         .010481          25.722005
   8      37.0000000   .07730326       18.441757         .012973          27.187253
   9      37.0000000   .08919607       18.738826         .015600          28.634455
  10      37.0000000   .10108888       19.006356         .018385          30.223421
  11      37.0000000   .11298169       19.267233         .021358          32.150473
  12      37.0000000   .12487450       19.517782         .024509          34.383196
  13      37.0000000   .13676730       19.758794         .027803          36.834015
  14      37.0000000   .14866011       19.990135         .031228          39.481771
  15      37.0000000   .16055292       20.211780         .034766          42.322412
  16      37.0000000   .17244573       20.423652         .038396          45.347232
  17      37.0000000   .18433854       20.625628         .042089          48.543021
  18      37.0000000   .19623135       20.817515         .045813          51.892244
  19      37.0000000   .20812416       20.999028         .049523          55.373799
  20      37.0000000   .22001697       21.169740         .053169          58.964458
  21      37.0000000   .23190978       21.329035         .056689          62.641209
  22      37.0000000   .24380259       21.476014         .060006          66.385278
  23      37.0000000   .25569539       21.609311         .063026          70.188029
  24      37.0000000   .26758820       21.727050         .065620          74.072518
  25      37.0000000   .27948101       21.824771         .067637          78.089057
  26      37.0000000   .29137382       21.902621         .068842          82.933491
  27      37.0000000   .29732023       21.902621         .000000          90.000000
 
   J       X(m)        Z(m)             U(m/s)           W(m/s)          Air_Concentration(%)           

   1      38.0000000   .00000000         .000000         .000000          15.922665
   2      38.0000000   .00600794       13.322658         .000873          15.922665
   3      38.0000000   .01802382       15.111948         .002299          19.006442
   4      38.0000000   .03003970       16.350391         .004086          21.605264
   5      38.0000000   .04205557       17.132349         .006102          23.549575
   6      38.0000000   .05407145       17.710978         .008307          25.240163
   7      38.0000000   .06608733       18.160762         .010669          26.784342
   8      38.0000000   .07810321       18.525073         .013169          28.265259
   9      38.0000000   .09011909       18.823813         .015804          29.724938
  10      38.0000000   .10213497       19.092919         .018592          31.325104
  11      38.0000000   .11415085       19.355426         .021564          33.262665
  12      38.0000000   .12616672       19.607644         .024707          35.493792
  13      38.0000000   .13818260       19.850354         .027986          37.925458
  14      38.0000000   .15019848       20.083407         .031387          40.544413
  15      38.0000000   .16221436       20.306776         .034894          43.345955
  16      38.0000000   .17423024       20.520372         .038483          46.321036
  17      38.0000000   .18624612       20.724063         .042128          49.456521
  18      38.0000000   .19826200       20.917644         .045795          52.735426
  19      38.0000000   .21027787       21.100813         .049441          56.137709
  20      38.0000000   .22229375       21.273127         .053018          59.641673
  21      38.0000000   .23430963       21.433946         .056465          63.226240
  22      38.0000000   .24632551       21.582352         .059707          66.874812
  23      38.0000000   .25834139       21.716949         .062654          70.580982
  24      38.0000000   .27035727       21.835832         .065180          74.369624
  25      38.0000000   .28237315       21.934487         .067141          78.292748
  26      38.0000000   .29438902       22.013073         .068305          83.038014
  27      38.0000000   .30039696       22.013073         .000000          90.000000
 
   J       X(m)        Z(m)             U(m/s)           W(m/s)          Air_Concentration(%)           

   1      39.0000000   .00000000         .000000         .000000          16.737033
   2      39.0000000   .00606866       13.386413         .000906          16.737033
   3      39.0000000   .01820599       15.179814         .002364          19.907661
   4      39.0000000   .03034332       16.423069         .004179          22.566103
   5      39.0000000   .04248064       17.208276         .006219          24.545124
   6      39.0000000   .05461797       17.789524         .008442          26.259612
   7      39.0000000   .06675529       18.241477         .010818          27.820864
   8      39.0000000   .07889262       18.607648         .013329          29.314483
   9      39.0000000   .09102995       18.907996         .015968          30.783987
  10      39.0000000   .10316727       19.178626         .018757          32.392603
  11      39.0000000   .11530460       19.442712         .021723          34.337352
  12      39.0000000   .12744193       19.696549         .024853          36.563769
  13      39.0000000   .13957925       19.940908         .028112          38.974281
  14      39.0000000   .15171658       20.175624         .031486          41.562971
  15      39.0000000   .16385390       20.400663         .034958          44.324636
  16      39.0000000   .17599123       20.615930         .038505          47.250023
  17      39.0000000   .18812856       20.821279         .042100          50.326175
  18      39.0000000   .20026588       21.016495         .045709          53.536711
  19      39.0000000   .21240321       21.201258         .049292          56.862631
  20      39.0000000   .22454054       21.375110         .052800          60.283691
  21      39.0000000   .23667786       21.537392         .056174          63.780590
  22      39.0000000   .24881519       21.687162         .059344          67.338705
  23      39.0000000   .26095252       21.823001         .062220          70.953620
  24      39.0000000   .27308984       21.942976         .064681          74.651798
  25      39.0000000   .28522717       22.042518         .066586          78.486713
  26      39.0000000   .29736449       22.121805         .067711          83.138060
  27      39.0000000   .30343316       22.121805         .000000          90.000000
 
   J       X(m)        Z(m)             U(m/s)           W(m/s)          Air_Concentration(%)           

   1      40.0000000   .00000000         .000000         .000000          17.549624
   2      40.0000000   .00612855       13.449843         .000935          17.549624
   3      40.0000000   .01838566       15.247365         .002419          20.801083
   4      40.0000000   .03064277       16.495379         .004259          23.513640
   5      40.0000000   .04289988       17.283777         .006322          25.523225
   6      40.0000000   .05515699       17.867583         .008565          27.258178
   7      40.0000000   .06741410       18.321646         .010960          28.833633
   8      40.0000000   .07967121       18.689623         .013488          30.337543
   9      40.0000000   .09192832       18.991528         .016145          31.814888
  10      40.0000000   .10418543       19.263635         .018951          33.430034
  11      40.0000000   .11644254       19.529252         .021913          35.376443
  12      40.0000000   .12869965       19.784653         .025010          37.592303
  13      40.0000000   .14095676       20.030602         .028234          39.981045
  14      40.0000000   .15321387       20.266924         .031570          42.539011
  15      40.0000000   .16547098       20.493578         .035000          45.260724
  16      40.0000000   .17772809       20.710456         .038501          48.136927
  17      40.0000000   .18998520       20.917405         .042044          51.154985
  18      40.0000000   .20224231       21.114194         .045596          54.299197
  19      40.0000000   .21449942       21.300491         .049117          57.551609
  20      40.0000000   .22675653       21.475821         .052559          60.893362
  21      40.0000000   .23901364       21.639506         .055865          64.306804
  22      40.0000000   .25127075       21.790585         .058965          67.779110
  23      40.0000000   .26352786       21.927613         .061773          71.307652
  24      40.0000000   .27578497       22.048631         .064171          74.920281
  25      40.0000000   .28804207       22.149022         .066023          78.671732
  26      40.0000000   .30029918       22.228977         .067112          83.233945
  27      40.0000000   .30642774       22.228977         .000000          90.000000
 
