Qw=.31500D+01  H0=.25000D+00  te=.45000D+02
NJ=  25  DX=.10000D-01  Le=.40000D+02
NSplt=  40
g=.98060D+01  Qj=.10000D-01
Vjudge=     .10000D-08 Phijudge=     .10000D-04 idprf=1
 
Ks=.10000D-02  Kp=.40000D+00
Idf=2  Ustarjudge=.10000D-01  nikorud=0
 
Icondif=1
Vs=.25000D+00  eshmit=.00000D+00
Idsurface=1  Idbottom0
A0=.00000D+00  A1=.11125D-01  A2.00000D+00
z1=  20.00 z2=  30.00 x1=******* x2=*******
 
 Results\Output_a.out
 Results\Output_b.out
 Results\Output_c.dat
 NNODEJ=        27
 NCELLJ=        25
 DX(1)=     .01000000
 XLENGTH=      40.000
 ZINITIAL=      .000
 ZOB=      .000
 ZOF=  .0000000
 HF=  .2500000
 teta= 45.000000
 tgteta=-.999999999915
 Ujudge***************
 Qjudge  .010000000000
 Qw=  3.150000


   NSECTION           X(m)           Z(m)          

      2          .010000000        .249906687
    102         1.010000000        .241979699
    202         2.010000000        .235377948
    303         3.020000000        .229571433
    403         4.020000000        .224485976
    503         5.020000000        .219942308
    603         6.020000000        .215854738
    703         7.020000000        .212157562
    803         8.020000000        .208798625
    903         9.020000000        .205735637
   1003        10.020000000        .202933728
   1103        11.020000000        .200363738
   1203        12.020000000        .200358106
   1303        13.020000000        .205298589
   1403        14.020000000        .211357162
   1503        15.020000000        .217433817
   1603        16.020000000        .222454432
   1703        17.020000000        .227033347
   1802        18.010000000        .231304450
   1902        19.010000000        .235431164
   2002        20.010000000        .239412657
   2102        21.010000000        .243275079
   2202        22.010000000        .247037298
   2302        23.010000000        .250712988
   2402        24.010000000        .254313436
   2502        25.010000000        .257849951
   2602        26.010000000        .261332151
   2702        27.010000000        .264767821
   2802        28.010000000        .268163185
   2902        29.010000000        .271524156
   3002        30.010000000        .274855202
   3102        31.010000000        .278158255
   3202        32.010000000        .281433813
   3302        33.010000000        .284681493
   3402        34.010000000        .287899086
   3502        35.010000000        .291085107
   3602        36.010000000        .294236338
   3702        37.010000000        .297351189
   3802        38.010000000        .300427530
   3902        39.010000000        .303463309
   4001        40.000000000        .306427739
